Log file open, 11/15/18 16:24:27
LogWindows: Failed to load 'aqProf.dll' (GetLastError=126)
LogWindows: File 'aqProf.dll' does not exist
LogWindows: Failed to load 'VtuneApi.dll' (GetLastError=126)
LogWindows: File 'VtuneApi.dll' does not exist
LogWindows: Failed to load 'VtuneApi32e.dll' (GetLastError=126)
LogWindows: File 'VtuneApi32e.dll' does not exist
LogInit: Display: Running engine for game: TankGame
LogPlatformFile: Not using cached read wrapper
LogInit: Display: RandInit(-1800438323) SRandInit(-1800438323).
LogInit: Read version file with build ID '3944462'
LogInit: Overriding engine version to CL 4033788, compatible CL 3944462
LogInit: Registered custom module enumerator with build ID '3944462'
LogTaskGraph: Started task graph with 5 named threads and 23 total threads with 3 sets of task threads.
LogStats: Stats thread started at 0.258913
LogD3D11RHI: Aftermath initialized
LogICUInternationalization: Display: ICU TimeZone Detection - Raw Offset: -5:00, Platform Override: ''
LogModuleManager: Display: Found up-to-date module file ../../../Engine/Plugins/Runtime/PhysXVehicles/Binaries/Win64/UE4Editor-PhysXVehicles.dll (API version 3944462).
LogModuleManager: Display: Found up-to-date module file ../../../Engine/Plugins/Runtime/PhysXVehicles/Binaries/Win64/UE4Editor-PhysXVehiclesEditor.dll (API version 3944462).
LogModuleManager: Display: Found up-to-date module file ../../../Engine/Plugins/Experimental/RawInput/Binaries/Win64/UE4Editor-RawInput.dll (API version 3944462).
LogModuleManager: Display: Found up-to-date module file ../../../Engine/Plugins/2D/Paper2D/Binaries/Win64/UE4Editor-Paper2D.dll (API version 3944462).
LogModuleManager: Display: Found up-to-date module file ../../../Engine/Plugins/2D/Paper2D/Binaries/Win64/UE4Editor-Paper2DEditor.dll (API version 3944462).
LogModuleManager: Display: Found up-to-date module file ../../../Engine/Plugins/2D/Paper2D/Binaries/Win64/UE4Editor-PaperSpriteSheetImporter.dll (API version 3944462).
LogModuleManager: Display: Found up-to-date module file ../../../Engine/Plugins/2D/Paper2D/Binaries/Win64/UE4Editor-PaperTiledImporter.dll (API version 3944462).
LogModuleManager: Display: Found up-to-date module file ../../../Engine/Plugins/2D/Paper2D/Binaries/Win64/UE4Editor-SmartSnapping.dll (API version 3944462).
LogModuleManager: Display: Found up-to-date module file ../../../Engine/Plugins/Blendables/LightPropagationVolume/Binaries/Win64/UE4Editor-LightPropagationVolumeRuntime.dll (API version 3944462).
LogModuleManager: Display: Found up-to-date module file ../../../Engine/Plugins/Blendables/LightPropagationVolume/Binaries/Win64/UE4Editor-LightPropagationVolumeEditor.dll (API version 3944462).
LogModuleManager: Display: Found up-to-date module file ../../../Engine/Plugins/Developer/CLionSourceCodeAccess/Binaries/Win64/UE4Editor-CLionSourceCodeAccess.dll (API version 3944462).
LogModuleManager: Display: Found up-to-date module file ../../../Engine/Plugins/Developer/GitSourceControl/Binaries/Win64/UE4Editor-GitSourceControl.dll (API version 3944462).
LogModuleManager: Display: Found up-to-date module file ../../../Engine/Plugins/Developer/PerforceSourceControl/Binaries/Win64/UE4Editor-PerforceSourceControl.dll (API version 3944462).
LogModuleManager: Display: Found up-to-date module file ../../../Engine/Plugins/Developer/SubversionSourceControl/Binaries/Win64/UE4Editor-SubversionSourceControl.dll (API version 3944462).
LogModuleManager: Display: Found up-to-date module file ../../../Engine/Plugins/Developer/UObjectPlugin/Binaries/Win64/UE4Editor-UObjectPlugin.dll (API version 3944462).
LogModuleManager: Display: Found up-to-date module file ../../../Engine/Plugins/Developer/VisualStudioCodeSourceCodeAccess/Binaries/Win64/UE4Editor-VisualStudioCodeSourceCodeAccess.dll (API version 3944462).
LogModuleManager: Display: Found up-to-date module file ../../../Engine/Plugins/Developer/VisualStudioSourceCodeAccess/Binaries/Win64/UE4Editor-VisualStudioSourceCodeAccess.dll (API version 3944462).
LogModuleManager: Display: Found up-to-date module file ../../../Engine/Plugins/Editor/AssetManagerEditor/Binaries/Win64/UE4Editor-AssetManagerEditor.dll (API version 3944462).
LogModuleManager: Display: Found up-to-date module file ../../../Engine/Plugins/Editor/CryptoKeys/Binaries/Win64/UE4Editor-CryptoKeys.dll (API version 3944462).
LogModuleManager: Display: Found up-to-date module file ../../../Engine/Plugins/Editor/CryptoKeys/Binaries/Win64/UE4Editor-CryptoKeysOpenSSL.dll (API version 3944462).
LogModuleManager: Display: Found up-to-date module file ../../../Engine/Plugins/Editor/DataValidation/Binaries/Win64/UE4Editor-DataValidation.dll (API version 3944462).
LogModuleManager: Display: Found up-to-date module file ../../../Engine/Plugins/Editor/FacialAnimation/Binaries/Win64/UE4Editor-FacialAnimation.dll (API version 3944462).
LogModuleManager: Display: Found up-to-date module file ../../../Engine/Plugins/Editor/FacialAnimation/Binaries/Win64/UE4Editor-FacialAnimationEditor.dll (API version 3944462).
LogModuleManager: Display: Found up-to-date module file ../../../Engine/Plugins/Editor/GameplayTagsEditor/Binaries/Win64/UE4Editor-GameplayTagsEditor.dll (API version 3944462).
LogModuleManager: Display: Found up-to-date module file ../../../Engine/Plugins/Editor/MobileLauncherProfileWizard/Binaries/Win64/UE4Editor-MobileLauncherProfileWizard.dll (API version 3944462).
LogModuleManager: Display: Found up-to-date module file ../../../Engine/Plugins/Editor/PluginBrowser/Binaries/Win64/UE4Editor-PluginBrowser.dll (API version 3944462).
LogModuleManager: Display: Found up-to-date module file ../../../Engine/Plugins/Editor/SpeedTreeImporter/Binaries/Win64/UE4Editor-SpeedTreeImporter.dll (API version 3944462).
LogModuleManager: Display: Found up-to-date module file ../../../Engine/Plugins/Enterprise/DatasmithContent/Binaries/Win64/UE4Editor-DatasmithContent.dll (API version 3944462).
LogModuleManager: Display: Found up-to-date module file ../../../Engine/Plugins/Experimental/AlembicImporter/Binaries/Win64/UE4Editor-AlembicImporter.dll (API version 3944462).
LogModuleManager: Display: Found up-to-date module file ../../../Engine/Plugins/Experimental/AlembicImporter/Binaries/Win64/UE4Editor-AlembicLibrary.dll (API version 3944462).
LogModuleManager: Display: Found up-to-date module file ../../../Engine/Plugins/Experimental/CharacterAI/Binaries/Win64/UE4Editor-CharacterAI.dll (API version 3944462).
LogModuleManager: Display: Found up-to-date module file ../../../Engine/Plugins/Experimental/HTML5Networking/Binaries/Win64/UE4Editor-HTML5Networking.dll (API version 3944462).
LogModuleManager: Display: Found up-to-date module file ../../../Engine/Plugins/Media/AndroidMedia/Binaries/Win64/UE4Editor-AndroidMediaEditor.dll (API version 3944462).
LogModuleManager: Display: Found up-to-date module file ../../../Engine/Plugins/Media/AndroidMedia/Binaries/Win64/UE4Editor-AndroidMediaFactory.dll (API version 3944462).
LogModuleManager: Display: Found up-to-date module file ../../../Engine/Plugins/Media/AvfMedia/Binaries/Win64/UE4Editor-AvfMediaEditor.dll (API version 3944462).
LogModuleManager: Display: Found up-to-date module file ../../../Engine/Plugins/Media/AvfMedia/Binaries/Win64/UE4Editor-AvfMediaFactory.dll (API version 3944462).
LogModuleManager: Display: Found up-to-date module file ../../../Engine/Plugins/Media/AvfMedia/Binaries/Win64/UE4Editor-AvfMediaFactory.dll (API version 3944462).
LogModuleManager: Display: Found up-to-date module file ../../../Engine/Plugins/Media/ImgMedia/Binaries/Win64/UE4Editor-ImgMedia.dll (API version 3944462).
LogModuleManager: Display: Found up-to-date module file ../../../Engine/Plugins/Media/ImgMedia/Binaries/Win64/UE4Editor-ImgMediaEditor.dll (API version 3944462).
LogModuleManager: Display: Found up-to-date module file ../../../Engine/Plugins/Media/ImgMedia/Binaries/Win64/UE4Editor-ImgMediaFactory.dll (API version 3944462).
LogModuleManager: Display: Found up-to-date module file ../../../Engine/Plugins/Media/ImgMedia/Binaries/Win64/UE4Editor-ImgMediaFactory.dll (API version 3944462).
LogModuleManager: Display: Found up-to-date module file ../../../Engine/Plugins/Media/ImgMedia/Binaries/Win64/UE4Editor-OpenExrWrapper.dll (API version 3944462).
LogModuleManager: Display: Found up-to-date module file ../../../Engine/Plugins/Media/LinearTimecode/Binaries/Win64/UE4Editor-LinearTimecode.dll (API version 3944462).
LogModuleManager: Display: Found up-to-date module file ../../../Engine/Plugins/Media/MediaCompositing/Binaries/Win64/UE4Editor-MediaCompositing.dll (API version 3944462).
LogModuleManager: Display: Found up-to-date module file ../../../Engine/Plugins/Media/MediaCompositing/Binaries/Win64/UE4Editor-MediaCompositingEditor.dll (API version 3944462).
LogModuleManager: Display: Found up-to-date module file ../../../Engine/Plugins/Media/MediaPlayerEditor/Binaries/Win64/UE4Editor-MediaPlayerEditor.dll (API version 3944462).
LogModuleManager: Display: Found up-to-date module file ../../../Engine/Plugins/Media/WmfMedia/Binaries/Win64/UE4Editor-WmfMedia.dll (API version 3944462).
LogModuleManager: Display: Found up-to-date module file ../../../Engine/Plugins/Media/WmfMedia/Binaries/Win64/UE4Editor-WmfMediaEditor.dll (API version 3944462).
LogModuleManager: Display: Found up-to-date module file ../../../Engine/Plugins/Media/WmfMedia/Binaries/Win64/UE4Editor-WmfMediaFactory.dll (API version 3944462).
LogModuleManager: Display: Found up-to-date module file ../../../Engine/Plugins/Media/WmfMedia/Binaries/Win64/UE4Editor-WmfMediaFactory.dll (API version 3944462).
LogModuleManager: Display: Found up-to-date module file ../../../Engine/Plugins/Messaging/TcpMessaging/Binaries/Win64/UE4Editor-TcpMessaging.dll (API version 3944462).
LogModuleManager: Display: Found up-to-date module file ../../../Engine/Plugins/Messaging/UdpMessaging/Binaries/Win64/UE4Editor-UdpMessaging.dll (API version 3944462).
LogModuleManager: Display: Found up-to-date module file ../../../Engine/Plugins/MovieScene/ActorSequence/Binaries/Win64/UE4Editor-ActorSequence.dll (API version 3944462).
LogModuleManager: Display: Found up-to-date module file ../../../Engine/Plugins/MovieScene/LevelSequenceEditor/Binaries/Win64/UE4Editor-LevelSequenceEditor.dll (API version 3944462).
LogModuleManager: Display: Found up-to-date module file ../../../Engine/Plugins/MovieScene/MatineeToLevelSequence/Binaries/Win64/UE4Editor-MatineeToLevelSequence.dll (API version 3944462).
LogModuleManager: Display: Found up-to-date module file ../../../Engine/Plugins/NetcodeUnitTest/NetcodeUnitTest/Binaries/Win64/UE4Editor-NetcodeUnitTest.dll (API version 3944462).
LogModuleManager: Display: Found up-to-date module file ../../../Engine/Plugins/NetcodeUnitTest/NUTUnrealEngine4/Binaries/Win64/UE4Editor-NUTUnrealEngine4.dll (API version 3944462).
LogModuleManager: Display: Found up-to-date module file ../../../Engine/Plugins/Online/OnlineSubsystem/Binaries/Win64/UE4Editor-OnlineSubsystem.dll (API version 3944462).
LogModuleManager: Display: Found up-to-date module file ../../../Engine/Plugins/Runtime/AndroidPermission/Binaries/Win64/UE4Editor-AndroidPermission.dll (API version 3944462).
LogModuleManager: Display: Found up-to-date module file ../../../Engine/Plugins/Online/OnlineSubsystemNull/Binaries/Win64/UE4Editor-OnlineSubsystemNull.dll (API version 3944462).
LogModuleManager: Display: Found up-to-date module file ../../../Engine/Plugins/Online/OnlineSubsystemUtils/Binaries/Win64/UE4Editor-OnlineSubsystemUtils.dll (API version 3944462).
LogModuleManager: Display: Found up-to-date module file ../../../Engine/Plugins/Online/OnlineSubsystemUtils/Binaries/Win64/UE4Editor-OnlineBlueprintSupport.dll (API version 3944462).
LogModuleManager: Display: Found up-to-date module file ../../../Engine/Plugins/Runtime/AndroidDeviceProfileSelector/Binaries/Win64/UE4Editor-AndroidDeviceProfileSelector.dll (API version 3944462).
LogModuleManager: Display: Found up-to-date module file ../../../Engine/Plugins/Runtime/AppleARKit/Binaries/Win64/UE4Editor-AppleARKit.dll (API version 3944462).
LogModuleManager: Display: Found up-to-date module file ../../../Engine/Plugins/Runtime/ProceduralMeshComponent/Binaries/Win64/UE4Editor-ProceduralMeshComponent.dll (API version 3944462).
LogModuleManager: Display: Found up-to-date module file ../../../Engine/Plugins/Runtime/ProceduralMeshComponent/Binaries/Win64/UE4Editor-ProceduralMeshComponentEditor.dll (API version 3944462).
LogModuleManager: Display: Found up-to-date module file ../../../Engine/Plugins/Animation/LiveLink/Binaries/Win64/UE4Editor-LiveLink.dll (API version 3944462).
LogModuleManager: Display: Found up-to-date module file ../../../Engine/Plugins/Animation/LiveLink/Binaries/Win64/UE4Editor-LiveLinkEditor.dll (API version 3944462).
LogModuleManager: Display: Found up-to-date module file ../../../Engine/Plugins/Runtime/ArchVisCharacter/Binaries/Win64/UE4Editor-ArchVisCharacter.dll (API version 3944462).
LogModuleManager: Display: Found up-to-date module file ../../../Engine/Plugins/Runtime/AudioCapture/Binaries/Win64/UE4Editor-AudioCapture.dll (API version 3944462).
LogModuleManager: Display: Found up-to-date module file ../../../Engine/Plugins/Runtime/AudioCapture/Binaries/Win64/UE4Editor-AudioCaptureEditor.dll (API version 3944462).
LogModuleManager: Display: Found up-to-date module file ../../../Engine/Plugins/Runtime/CableComponent/Binaries/Win64/UE4Editor-CableComponent.dll (API version 3944462).
LogModuleManager: Display: Found up-to-date module file ../../../Engine/Plugins/Runtime/CustomMeshComponent/Binaries/Win64/UE4Editor-CustomMeshComponent.dll (API version 3944462).
LogModuleManager: Display: Found up-to-date module file ../../../Engine/Plugins/Runtime/ExampleDeviceProfileSelector/Binaries/Win64/UE4Editor-ExampleDeviceProfileSelector.dll (API version 3944462).
LogModuleManager: Display: Found up-to-date module file ../../../Engine/Plugins/Runtime/ImmediatePhysics/Binaries/Win64/UE4Editor-ImmediatePhysics.dll (API version 3944462).
LogModuleManager: Display: Found up-to-date module file ../../../Engine/Plugins/Runtime/ImmediatePhysics/Binaries/Win64/UE4Editor-ImmediatePhysicsEditor.dll (API version 3944462).
LogModuleManager: Display: Found up-to-date module file ../../../Engine/Plugins/Runtime/LocationServicesBPLibrary/Binaries/Win64/UE4Editor-LocationServicesBPLibrary.dll (API version 3944462).
LogModuleManager: Display: Found up-to-date module file ../../../Engine/Plugins/Runtime/MobilePatchingUtils/Binaries/Win64/UE4Editor-MobilePatchingUtils.dll (API version 3944462).
LogModuleManager: Display: Found up-to-date module file ../../../Engine/Plugins/Runtime/Oculus/OculusVR/Binaries/Win64/UE4Editor-OculusHMD.dll (API version 3944462).
LogModuleManager: Display: Found up-to-date module file ../../../Engine/Plugins/Runtime/Oculus/OculusVR/Binaries/Win64/UE4Editor-OculusInput.dll (API version 3944462).
LogModuleManager: Display: Found up-to-date module file ../../../Engine/Plugins/Runtime/Oculus/OculusVR/Binaries/Win64/UE4Editor-OculusEditor.dll (API version 3944462).
LogModuleManager: Display: Found up-to-date module file ../../../Engine/Plugins/Runtime/RuntimePhysXCooking/Binaries/Win64/UE4Editor-RuntimePhysXCooking.dll (API version 3944462).
LogModuleManager: Display: Found up-to-date module file ../../../Engine/Plugins/Runtime/Steam/SteamVR/Binaries/Win64/UE4Editor-SteamVR.dll (API version 3944462).
LogModuleManager: Display: Found up-to-date module file ../../../Engine/Plugins/Runtime/Steam/SteamVR/Binaries/Win64/UE4Editor-SteamVRController.dll (API version 3944462).
LogModuleManager: Display: Found up-to-date module file ../../../Engine/Plugins/Runtime/WindowsMoviePlayer/Binaries/Win64/UE4Editor-WindowsMoviePlayer.dll (API version 3944462).
LogPluginManager: Mounting plugin Paper2D
LogPluginManager: Mounting plugin LiveLink
LogPluginManager: Mounting plugin LightPropagationVolume
LogPluginManager: Mounting plugin CLionSourceCodeAccess
LogPluginManager: Mounting plugin CodeLiteSourceCodeAccess
LogPluginManager: Mounting plugin GitSourceControl
LogPluginManager: Mounting plugin KDevelopSourceCodeAccess
LogPluginManager: Mounting plugin NullSourceCodeAccess
LogPluginManager: Mounting plugin PerforceSourceControl
LogPluginManager: Mounting plugin SubversionSourceControl
LogPluginManager: Mounting plugin UObjectPlugin
LogPluginManager: Mounting plugin VisualStudioCodeSourceCodeAccess
LogPluginManager: Mounting plugin VisualStudioSourceCodeAccess
LogPluginManager: Mounting plugin XCodeSourceCodeAccess
LogPluginManager: Mounting plugin AssetManagerEditor
LogPluginManager: Mounting plugin CryptoKeys
LogPluginManager: Mounting plugin DataValidation
LogPluginManager: Mounting plugin FacialAnimation
LogPluginManager: Mounting plugin GameplayTagsEditor
LogPluginManager: Mounting plugin MobileLauncherProfileWizard
LogPluginManager: Mounting plugin PluginBrowser
LogPluginManager: Mounting plugin SpeedTreeImporter
LogPluginManager: Mounting plugin DatasmithContent
LogPluginManager: Mounting plugin AlembicImporter
LogPluginManager: Mounting plugin CharacterAI
LogPluginManager: Mounting plugin HTML5Networking
LogPluginManager: Mounting plugin RawInput
LogPluginManager: Mounting plugin AndroidMedia
LogPluginManager: Mounting plugin AvfMedia
LogPluginManager: Mounting plugin ImgMedia
LogPluginManager: Mounting plugin LinearTimecode
LogPluginManager: Mounting plugin MediaCompositing
LogPluginManager: Mounting plugin MediaPlayerEditor
LogPluginManager: Mounting plugin WmfMedia
LogPluginManager: Mounting plugin TcpMessaging
LogPluginManager: Mounting plugin UdpMessaging
LogPluginManager: Mounting plugin ActorSequence
LogPluginManager: Mounting plugin LevelSequenceEditor
LogPluginManager: Mounting plugin MatineeToLevelSequence
LogPluginManager: Mounting plugin NetcodeUnitTest
LogPluginManager: Mounting plugin NUTUnrealEngine4
LogPluginManager: Mounting plugin OnlineSubsystemGooglePlay
LogPluginManager: Mounting plugin OnlineSubsystemIOS
LogPluginManager: Mounting plugin OnlineSubsystem
LogPluginManager: Mounting plugin OnlineSubsystemNull
LogPluginManager: Mounting plugin OnlineSubsystemUtils
LogPluginManager: Mounting plugin AndroidDeviceProfileSelector
LogPluginManager: Mounting plugin AndroidMoviePlayer
LogPluginManager: Mounting plugin AndroidPermission
LogPluginManager: Mounting plugin AppleARKit
LogPluginManager: Mounting plugin AppleMoviePlayer
LogPluginManager: Mounting plugin ArchVisCharacter
LogPluginManager: Mounting plugin AudioCapture
LogPluginManager: Mounting plugin CableComponent
LogPluginManager: Mounting plugin CustomMeshComponent
LogPluginManager: Mounting plugin ExampleDeviceProfileSelector
LogPluginManager: Mounting plugin GoogleCloudMessaging
LogPluginManager: Mounting plugin ImmediatePhysics
LogPluginManager: Mounting plugin IOSDeviceProfileSelector
LogPluginManager: Mounting plugin LinuxDeviceProfileSelector
LogPluginManager: Mounting plugin LocationServicesBPLibrary
LogPluginManager: Mounting plugin MobilePatchingUtils
LogPluginManager: Mounting plugin OculusVR
LogPluginManager: Plugin shader directory ../../../Engine/Plugins/Runtime/Oculus/OculusVR/Shaders found
LogPluginManager: Mapping shader source directory ../../../Engine/Plugins/Runtime/Oculus/OculusVR/Shaders to virtual directory /Plugin/OculusVR
LogPluginManager: Mounting plugin PhysXVehicles
LogPluginManager: Mounting plugin ProceduralMeshComponent
LogPluginManager: Mounting plugin RuntimePhysXCooking
LogPluginManager: Mounting plugin SteamVR
LogPluginManager: Mounting plugin WindowsMoviePlayer
LogStreaming: Display: Took  0.856s to configure plugins.
LogInit: Using libcurl 7.47.1
LogInit:  - built for x86_64-pc-win32
LogInit:  - supports SSL with OpenSSL/1.0.2g
LogInit:  - supports HTTP deflate (compression) using libz 1.2.8
LogInit:  - other features:
LogInit:      CURL_VERSION_SSL
LogInit:      CURL_VERSION_LIBZ
LogInit:      CURL_VERSION_IPV6
LogInit:      CURL_VERSION_ASYNCHDNS
LogInit:      CURL_VERSION_LARGEFILE
LogInit:      CURL_VERSION_IDN
LogInit:  CurlRequestOptions (configurable via config and command line):
LogInit:  - bVerifyPeer = false  - Libcurl will NOT verify peer certificate
LogInit:  - bUseHttpProxy = false  - Libcurl will NOT use HTTP proxy
LogInit:  - bDontReuseConnections = false  - Libcurl will reuse connections
LogInit:  - CertBundlePath = nullptr  - Libcurl will use whatever was configured at build time.
LogInit:  - MaxHostConnections = 16  - Libcurl will limit the number of connections to a host
LogInit:  - LocalHostAddr = Default
LogInit: WinSock: version 1.1 (2.2), MaxSocks=32767, MaxUdp=65467
LogInit: WinSock: I am 2010-01-271-15 (10.2.20.52:0)
LogInit: Build: ++UE4+Release-4.19-CL-4033788
LogInit: Engine Version: 4.19.2-4033788+++UE4+Release-4.19
LogInit: Compatible Engine Version: 4.19.0-3944462+++UE4+Release-4.19
LogInit: Net CL: 3944462
LogDevObjectVersion: Number of dev versions registered: 18
LogDevObjectVersion:   Dev-Blueprints (B0D832E4-1F89-4F0D-ACCF-7EB736FD4AA2): 10
LogDevObjectVersion:   Dev-Build (E1C64328-A22C-4D53-A36C-8E866417BD8C): 0
LogDevObjectVersion:   Dev-Core (375EC13C-06E4-48FB-B500-84F0262A717E): 2
LogDevObjectVersion:   Dev-Editor (E4B068ED-F494-42E9-A231-DA0B2E46BB41): 23
LogDevObjectVersion:   Dev-Framework (CFFC743F-43B0-4480-9391-14DF171D2073): 33
LogDevObjectVersion:   Dev-Mobile (B02B49B5-BB20-44E9-A304-32B752E40360): 2
LogDevObjectVersion:   Dev-Networking (A4E4105C-59A1-49B5-A7C5-40C4547EDFEE): 0
LogDevObjectVersion:   Dev-Online (39C831C9-5AE6-47DC-9A44-9C173E1C8E7C): 0
LogDevObjectVersion:   Dev-Physics (78F01B33-EBEA-4F98-B9B4-84EACCB95AA2): 0
LogDevObjectVersion:   Dev-Platform (6631380F-2D4D-43E0-8009-CF276956A95A): 0
LogDevObjectVersion:   Dev-Rendering (12F88B9F-8875-4AFC-A67C-D90C383ABD29): 25
LogDevObjectVersion:   Dev-Sequencer (7B5AE74C-D270-4C10-A958-57980B212A5A): 6
LogDevObjectVersion:   Dev-VR (D7296918-1DD6-4BDD-9DE2-64A83CC13884): 1
LogDevObjectVersion:   Dev-LoadTimes (C2A15278-BFE7-4AFE-6C17-90FF531DF755): 1
LogDevObjectVersion:   Private-Geometry (6EACA3D4-40EC-4CC1-B786-8BED09428FC5): 2
LogDevObjectVersion:   Dev-AnimPhys (29E575DD-E0A3-4627-9D10-D276232CDCEA): 16
LogDevObjectVersion:   Dev-ReflectionCapture (6B266CEC-1EC7-4B8F-A30B-E4D90942FC07): 1
LogDevObjectVersion:   Dev-Automation (0DF73D61-A23F-47EA-B727-89E90C41499A): 1
LogInit: Compiled (64-bit): Apr 27 2018 02:06:57
LogInit: Compiled with Visual C++: 19.00.24215.01
LogInit: Build Configuration: Development
LogInit: Branch Name: ++UE4+Release-4.19
LogInit: Command Line: -EpicPortal 
LogInit: Base Directory: C:/Program Files/Epic Games/UE_4.19/Engine/Binaries/Win64/
LogInit: Installed Engine Build: 1
LogStreaming: Display: Took  0.000s to delete old logs.
LogInit: Presizing for max 8388607 objects, including 0 objects not considered by GC, pre-allocating 0 bytes for permanent pool.
LogInit: Object subsystem initialized
[2018.11.15-21.24.28:665][  0]LogInit: Selected Device Profile: [Windows]
[2018.11.15-21.24.28:665][  0]LogInit: Applying CVar settings loaded from the selected device profile: [Windows]
[2018.11.15-21.24.28:673][  0]LogInit: Computer: 2010-01-271-15
[2018.11.15-21.24.28:673][  0]LogInit: User: Student
[2018.11.15-21.24.28:673][  0]LogInit: CPU Page size=4096, Cores=4
[2018.11.15-21.24.28:673][  0]LogInit: High frequency timer resolution =3.410097 MHz
[2018.11.15-21.24.28:674][  0]LogMemory: Memory total: Physical=15.9GB (16GB approx)
[2018.11.15-21.24.28:674][  0]LogMemory: Platform Memory Stats for Windows
[2018.11.15-21.24.28:674][  0]LogMemory: Process Physical Memory: 276.73 MB used, 276.73 MB peak
[2018.11.15-21.24.28:674][  0]LogMemory: Process Virtual Memory: 268.50 MB used, 268.50 MB peak
[2018.11.15-21.24.28:674][  0]LogMemory: Physical Memory: 3391.99 MB used,  12908.37 MB free, 16300.36 MB total
[2018.11.15-21.24.28:674][  0]LogMemory: Virtual Memory: 644.80 MB used,  12908.37 MB free, 8388608.00 MB total
[2018.11.15-21.24.28:695][  0]LogInit: Using OS detected language (en-US).
[2018.11.15-21.24.28:695][  0]LogInit: Using OS detected locale (en-US).
[2018.11.15-21.24.28:698][  0]LogTextLocalizationManager: No specific localization for 'en-US' exists, so the 'en' localization will be used.
[2018.11.15-21.24.29:087][  0]LogStreaming: Display: Took  0.392s to EndInitTextLocalization.
[2018.11.15-21.24.29:088][  0]LogWindows: Failed to load 'shcore.dll' (GetLastError=126)
[2018.11.15-21.24.29:088][  0]LogWindows: File 'shcore.dll' does not exist
[2018.11.15-21.24.29:088][  0]LogInit: Setting process to DPI aware
[2018.11.15-21.24.29:091][  0]LogWindows: Failed to load 'shcore.dll' (GetLastError=126)
[2018.11.15-21.24.29:091][  0]LogWindows: File 'shcore.dll' does not exist
[2018.11.15-21.24.29:091][  0]LogInit: Setting process to DPI aware
[2018.11.15-21.24.29:112][  0]LogSlate: New Slate User Created.  User Index 0, Is Virtual User: 0
[2018.11.15-21.24.29:112][  0]LogSlate: Slate User Registered.  User Index 0, Is Virtual User: 0
[2018.11.15-21.24.29:277][  0]LogD3D11RHI: D3D11 adapters:
[2018.11.15-21.24.29:311][  0]LogD3D11RHI:    0. 'NVIDIA GeForce GTX 1080' (Feature Level 11_0)
[2018.11.15-21.24.29:311][  0]LogD3D11RHI:       8077/0/7894 MB DedicatedVideo/DedicatedSystem/SharedSystem, Outputs:1, VendorId:0x10de
[2018.11.15-21.24.29:311][  0]LogD3D11RHI: Chosen D3D11 Adapter: 0
[2018.11.15-21.24.29:315][  0]LogD3D11RHI: Creating new Direct3DDevice
[2018.11.15-21.24.29:315][  0]LogD3D11RHI:     GPU DeviceId: 0x1b80 (for the marketing name, search the web for "GPU Device Id")
[2018.11.15-21.24.29:315][  0]LogWindows: EnumDisplayDevices:
[2018.11.15-21.24.29:315][  0]LogWindows:    0. 'NVIDIA GeForce GTX 1080' (P:1 D:1)
[2018.11.15-21.24.29:315][  0]LogWindows:    1. 'NVIDIA GeForce GTX 1080' (P:0 D:0)
[2018.11.15-21.24.29:315][  0]LogWindows:    2. 'NVIDIA GeForce GTX 1080' (P:0 D:0)
[2018.11.15-21.24.29:315][  0]LogWindows:    3. 'NVIDIA GeForce GTX 1080' (P:0 D:0)
[2018.11.15-21.24.29:316][  0]LogWindows:    4. 'RDPDD Chained DD' (P:0 D:0)
[2018.11.15-21.24.29:316][  0]LogWindows:    5. 'RDP Encoder Mirror Driver' (P:0 D:0)
[2018.11.15-21.24.29:316][  0]LogWindows:    6. 'RDP Reflector Display Driver' (P:0 D:0)
[2018.11.15-21.24.29:316][  0]LogWindows: DebugString: GetVideoDriverDetailsInvalid PrimaryIsNotTheChoosenAdapter GetVideoDriverDetailsInvalid PrimaryIsNotTheChoosenAdapter GetVideoDriverDetailsInvalid PrimaryIsNotTheChoosenAdapter FoundDriverCount:4 
[2018.11.15-21.24.29:316][  0]LogD3D11RHI:     Adapter Name: NVIDIA GeForce GTX 1080
[2018.11.15-21.24.29:316][  0]LogD3D11RHI:   Driver Version: 398.36 (internal:24.21.13.9836, unified:398.36)
[2018.11.15-21.24.29:316][  0]LogD3D11RHI:      Driver Date: 6-24-2018
[2018.11.15-21.24.29:316][  0]LogRHI: Texture pool is 5654 MB (70% of 8077 MB)
[2018.11.15-21.24.29:330][  0]LogD3D11RHI: [Aftermath] Aftermath enabled and primed
[2018.11.15-21.24.29:330][  0]LogD3D11RHI: [Aftermath] Aftermath enabled and primed
[2018.11.15-21.24.29:330][  0]LogD3D11RHI: Async texture creation enabled
[2018.11.15-21.24.29:346][  0]LogD3D11RHI: GPU Timing Frequency: 1000.000000 (Debug: 2 2)
[2018.11.15-21.24.29:387][  0]LogShaderCompilers: Guid format shader working directory is -20 characters bigger than the processId version (../../../../../../Users/student.AII/Documents/GitHub/VRTankGame/TankGame/Intermediate/Shaders/WorkingDirectory/9816/).
[2018.11.15-21.24.29:387][  0]LogShaderCompilers: Cleaned the shader compiler working directory 'C:/Users/student.AII/AppData/Local/Temp/UnrealShaderWorkingDir/22F281E84E3F77FAEE71C0A89145C108/'.
[2018.11.15-21.24.29:564][  0]LogTemp: Display: Loaded TP AllDesktopTargetPlatform
[2018.11.15-21.24.29:577][  0]LogTemp: Display: Loaded TP MacClientTargetPlatform
[2018.11.15-21.24.29:591][  0]LogTemp: Display: Loaded TP MacNoEditorTargetPlatform
[2018.11.15-21.24.29:604][  0]LogTemp: Display: Loaded TP MacServerTargetPlatform
[2018.11.15-21.24.29:617][  0]LogTemp: Display: Loaded TP MacTargetPlatform
[2018.11.15-21.24.29:631][  0]LogTemp: Display: Loaded TP WindowsClientTargetPlatform
[2018.11.15-21.24.29:644][  0]LogTemp: Display: Loaded TP WindowsNoEditorTargetPlatform
[2018.11.15-21.24.29:658][  0]LogTemp: Display: Loaded TP WindowsServerTargetPlatform
[2018.11.15-21.24.29:665][  0]LogTemp: Display: Loaded TP WindowsTargetPlatform
[2018.11.15-21.24.29:677][  0]LogTemp: Display: Loaded TP Android_ASTCTargetPlatform
[2018.11.15-21.24.29:689][  0]LogTemp: Display: Loaded TP Android_ATCTargetPlatform
[2018.11.15-21.24.29:700][  0]LogTemp: Display: Loaded TP Android_DXTTargetPlatform
[2018.11.15-21.24.29:712][  0]LogTemp: Display: Loaded TP Android_ETC1aTargetPlatform
[2018.11.15-21.24.29:724][  0]LogTemp: Display: Loaded TP Android_ETC1TargetPlatform
[2018.11.15-21.24.29:736][  0]LogTemp: Display: Loaded TP Android_ETC2TargetPlatform
[2018.11.15-21.24.29:760][  0]LogTemp: Display: Loaded TP Android_MultiTargetPlatform
[2018.11.15-21.24.29:760][  0]LogTemp: Display: Loaded TP Android_PVRTCTargetPlatform
[2018.11.15-21.24.29:772][  0]LogTemp: Display: Loaded TP AndroidTargetPlatform
[2018.11.15-21.24.29:773][  0]LogTemp: Display: Loaded TP HTML5TargetPlatform
[2018.11.15-21.24.29:808][  0]LogTemp: Display: Loaded TP IOSTargetPlatform
[2018.11.15-21.24.29:819][  0]LogTemp: Display: Loaded TP TVOSTargetPlatform
[2018.11.15-21.24.29:830][  0]LogTemp: Display: Loaded TP LinuxClientTargetPlatform
[2018.11.15-21.24.29:842][  0]LogTemp: Display: Loaded TP LinuxNoEditorTargetPlatform
[2018.11.15-21.24.29:854][  0]LogTemp: Display: Loaded TP LinuxServerTargetPlatform
[2018.11.15-21.24.29:866][  0]LogTemp: Display: Loaded TP LinuxTargetPlatform
[2018.11.15-21.24.29:866][  0]LogTargetPlatformManager: Display: Building Assets For Windows
[2018.11.15-21.24.29:963][  0]LogXGEController: Cannot use XGE Controller as Incredibuild is not installed on this machine.
[2018.11.15-21.24.29:963][  0]LogShaderCompilers: Cannot use XGE Shader Compiler as Incredibuild is not installed on this machine.
[2018.11.15-21.24.29:963][  0]LogShaderCompilers: Display: Using Local Shader Compiler.
[2018.11.15-21.24.30:670][  0]LogDerivedDataCache: Display: Max Cache Size: 512 MB
[2018.11.15-21.24.30:752][  0]LogDerivedDataCache: Loaded boot cache 0.08s 74MB C:/Users/student.AII/AppData/Local/UnrealEngine/4.19/DerivedDataCache/Boot.ddc.
[2018.11.15-21.24.30:752][  0]LogDerivedDataCache: Display: Loaded Boot cache: C:/Users/student.AII/AppData/Local/UnrealEngine/4.19/DerivedDataCache/Boot.ddc
[2018.11.15-21.24.30:752][  0]LogDerivedDataCache: FDerivedDataBackendGraph:  Pak pak cache file ../../../../../../Users/student.AII/Documents/GitHub/VRTankGame/TankGame/DerivedDataCache/DDC.ddp not found, will not use a pak cache.
[2018.11.15-21.24.30:752][  0]LogDerivedDataCache: Unable to find inner node Pak for hierarchical cache Hierarchy.
[2018.11.15-21.24.30:752][  0]LogDerivedDataCache: FDerivedDataBackendGraph:  CompressedPak pak cache file ../../../../../../Users/student.AII/Documents/GitHub/VRTankGame/TankGame/DerivedDataCache/Compressed.ddp not found, will not use a pak cache.
[2018.11.15-21.24.30:752][  0]LogDerivedDataCache: Unable to find inner node CompressedPak for hierarchical cache Hierarchy.
[2018.11.15-21.24.30:769][  0]LogDerivedDataCache: Display: Pak cache opened for reading ../../../Engine/DerivedDataCache/Compressed.ddp.
[2018.11.15-21.24.30:781][  0]LogDerivedDataCache: Using Local data cache path C:/Users/student.AII/AppData/Local/UnrealEngine/Common/DerivedDataCache: Writable
[2018.11.15-21.24.30:781][  0]LogDerivedDataCache: Shared data cache path not found in *engine.ini, will not use an Shared cache.
[2018.11.15-21.24.30:781][  0]LogDerivedDataCache: Unable to find inner node Shared for hierarchical cache Hierarchy.
[2018.11.15-21.24.30:792][  0]LogMaterial: Verifying Global Shaders for PCD3D_SM5
[2018.11.15-21.24.30:792][  0]LogSlate: Using Freetype 2.6.0
[2018.11.15-21.24.30:793][  0]LogSlate: SlateFontCache - WITH_FREETYPE: 1, WITH_HARFBUZZ: 1
[2018.11.15-21.24.30:793][  0]LogSlate: SlateFontCache - WITH_FREETYPE: 1, WITH_HARFBUZZ: 1
[2018.11.15-21.24.30:906][  0]LogAssetRegistry: FAssetRegistry took 0.0238 seconds to start up
[2018.11.15-21.24.31:195][  0]LogInit: Selected Device Profile: [Windows]
[2018.11.15-21.24.31:331][  0]LogSimplygon: Simplygon DLL not present - disabling.
[2018.11.15-21.24.31:333][  0]LogMeshReduction: Using SimplygonSwarm for distributed automatic mesh merging
[2018.11.15-21.24.31:333][  0]LogMeshReduction: Using QuadricMeshReduction for automatic static mesh reduction
[2018.11.15-21.24.31:334][  0]LogMeshReduction: No automatic skeletal mesh reduction module available
[2018.11.15-21.24.31:334][  0]LogMeshReduction: No automatic mesh merging module available
[2018.11.15-21.24.31:334][  0]LogMeshMerging: No automatic mesh merging module available
[2018.11.15-21.24.31:364][  0]LogNetVersion: TankGame , NetCL: 3944462, EngineNetVer: 2, GameNetVer: 0 (Checksum: 2450527207)
[2018.11.15-21.24.31:794][  0]LogPackageLocalizationCache: Processed 9 localized package path(s) for 2 prioritized culture(s) in 0.063971 seconds
[2018.11.15-21.24.31:800][  0]LogUObjectArray: 36728 objects as part of root set at end of initial load.
[2018.11.15-21.24.31:800][  0]LogUObjectAllocator: 7314304 out of 0 bytes used by permanent object pool.
[2018.11.15-21.24.31:800][  0]LogUObjectArray: CloseDisregardForGC: 0/0 objects in disregard for GC pool
[2018.11.15-21.24.33:320][  0]LogTcpMessaging: Initializing TcpMessaging bridge
[2018.11.15-21.24.33:345][  0]LogUdpMessaging: Initializing bridge on interface 0.0.0.0:0 to multicast group 230.0.0.1:6666.
[2018.11.15-21.24.33:652][  0]SourceControl: Source control is disabled
[2018.11.15-21.24.33:652][  0]SourceControl: Source control is disabled
[2018.11.15-21.24.33:667][  0]SourceControl: Source control is disabled
[2018.11.15-21.24.33:682][  0]SourceControl: Source control is disabled
[2018.11.15-21.24.34:114][  0]LogAndroidPermission: UAndroidPermissionCallbackProxy::GetInstance
[2018.11.15-21.24.34:238][  0]LogOcInput: OculusInput pre-init called
[2018.11.15-21.24.34:338][  0]LogEngine: Initializing Engine...
[2018.11.15-21.24.34:339][  0]LogHMD: Failed to initialize OpenVR with code 110
[2018.11.15-21.24.34:340][  0]LogStats: UGameplayTagsManager::ConstructGameplayTagTree: Construct from data asset -  0.000 s
[2018.11.15-21.24.34:340][  0]LogStats: UGameplayTagsManager::ConstructGameplayTagTree: GameplayTagTreeChangedEvent.Broadcast -  0.000 s
[2018.11.15-21.24.34:572][  0]LogAIModule: Creating AISystem for world Untitled
[2018.11.15-21.24.34:591][  0]LogInit: XAudio2 using 'HP Z24n (NVIDIA High Definition Audio)' : 2 channels at 48 kHz using 16 bits per sample (channel mask 0x3)
[2018.11.15-21.24.34:608][  0]LogInit: FAudioDevice initialized.
[2018.11.15-21.24.34:694][  0]LogDerivedDataCache: Saved boot cache 0.09s 74MB C:/Users/student.AII/AppData/Local/UnrealEngine/4.19/DerivedDataCache/Boot.ddc.
[2018.11.15-21.24.34:707][  0]LogInit: Texture streaming: Enabled
[2018.11.15-21.24.34:726][  0]LogEngineSessionManager: EngineSessionManager initialized
[2018.11.15-21.24.34:735][  0]LogInit: Transaction tracking system initialized
[2018.11.15-21.24.34:759][  0]BlueprintLog: New page: Editor Load
[2018.11.15-21.24.34:832][  0]LocalizationService: Localization service is disabled
[2018.11.15-21.24.34:921][  0]LogConsoleResponse: Display: 
[2018.11.15-21.24.35:067][  0]LogCook: Display: Max memory allowance for cook 16384mb min free memory 0mb
[2018.11.15-21.24.35:067][  0]LogCook: Display: Mobile HDR setting 1
[2018.11.15-21.24.35:067][  0]LogGameplayTags: Display: UGameplayTagsManager::DoneAddingNativeTags. DelegateIsBound: 0
[2018.11.15-21.24.35:067][  0]LogStats: UGameplayTagsManager::ConstructGameplayTagTree: Construct from data asset -  0.000 s
[2018.11.15-21.24.35:067][  0]LogStats: UGameplayTagsManager::ConstructGameplayTagTree: GameplayTagTreeChangedEvent.Broadcast -  0.000 s
[2018.11.15-21.24.35:171][  0]LogFileCache: Scanning file cache for directory 'C:/Users/student.AII/Documents/GitHub/VRTankGame/TankGame/Content/' took 0.01s
[2018.11.15-21.24.35:382][  0]SourceControl: Source control is disabled
[2018.11.15-21.24.35:383][  0]Cmd: MAP LOAD FILE="../../../../../../Users/student.AII/Documents/GitHub/VRTankGame/TankGame/Content/VehicleBP/Maps/VehicleExampleMap.umap" TEMPLATE=0 SHOWPROGRESS=1 FEATURELEVEL=3
[2018.11.15-21.24.35:384][  0]LightingResults: New page: Lighting Build
[2018.11.15-21.24.35:387][  0]MapCheck: New page: Map Check
[2018.11.15-21.24.35:387][  0]LightingResults: New page: Lighting Build
[2018.11.15-21.24.35:484][  0]LogUObjectGlobals: Created PersistentFrame Addr=0x000000002bb96098, Size=4, Default__Sedan_AnimBP_C Function /Game/Vehicle/Sedan/Sedan_AnimBP.Sedan_AnimBP_C:ExecuteUbergraph_Sedan_AnimBP
[2018.11.15-21.24.35:486][  0]LogUObjectGlobals: Destroyed PersistentFrame Addr=0x000000002bb96098, Size=4
[2018.11.15-21.24.35:486][  0]LogUObjectGlobals: Created PersistentFrame Addr=0x000000002bb96098, Size=4, Default__Sedan_AnimBP_C Function /Engine/Transient.REINST_Sedan_AnimBP_C_0:ExecuteUbergraph_Sedan_AnimBP
[2018.11.15-21.24.35:487][  0]LogUObjectGlobals: Created PersistentFrame Addr=0x000000002bb95fc0, Size=4, Default__Sedan_AnimBP_C Function /Game/Vehicle/Sedan/Sedan_AnimBP.Sedan_AnimBP_C:ExecuteUbergraph_Sedan_AnimBP
[2018.11.15-21.24.35:490][  0]LogUObjectGlobals: Created PersistentFrame Addr=0x000000002bad1c60, Size=160, Default__VehicleHUD_C Function /Game/VehicleBP/Blueprints/VehicleHUD.VehicleHUD_C:ExecuteUbergraph_VehicleHUD
[2018.11.15-21.24.35:496][  0]LogUObjectGlobals: Created PersistentFrame Addr=0x000000002bbc2200, Size=384, Default__Sedan_C Function /Game/VehicleBP/Sedan/Sedan.Sedan_C:ExecuteUbergraph_Sedan
[2018.11.15-21.24.35:538][  0]LogUObjectGlobals: Destroyed PersistentFrame Addr=0x000000002bad1c60, Size=160
[2018.11.15-21.24.35:538][  0]LogUObjectGlobals: Created PersistentFrame Addr=0x0000000049498400, Size=160, Default__VehicleHUD_C Function /Engine/Transient.REINST_VehicleHUD_C_6:ExecuteUbergraph_VehicleHUD
[2018.11.15-21.24.35:539][  0]LogUObjectGlobals: Destroyed PersistentFrame Addr=0x000000002bbc2200, Size=384
[2018.11.15-21.24.35:539][  0]LogUObjectGlobals: Created PersistentFrame Addr=0x0000000049469c00, Size=384, Default__Sedan_C Function /Engine/Transient.REINST_Sedan_C_7:ExecuteUbergraph_Sedan
[2018.11.15-21.24.35:550][  0]LogUObjectGlobals: Created PersistentFrame Addr=0x0000000049428900, Size=160, Default__VehicleHUD_C Function /Game/VehicleBP/Blueprints/VehicleHUD.VehicleHUD_C:ExecuteUbergraph_VehicleHUD
[2018.11.15-21.24.35:552][  0]LogUObjectGlobals: Created PersistentFrame Addr=0x00000000493d9780, Size=384, Default__Sedan_C Function /Game/VehicleBP/Sedan/Sedan.Sedan_C:ExecuteUbergraph_Sedan
[2018.11.15-21.24.35:752][  0]LogSkeletalMesh: Skeletal Mesh found in DDC [6.739398ms] /Game/Vehicle/Sedan/Sedan_SkelMesh.Sedan_SkelMesh
[2018.11.15-21.24.35:799][  0]LogAIModule: Creating AISystem for world VehicleExampleMap
[2018.11.15-21.24.35:809][  0]LogEditorServer: Finished looking for orphan Actors (0.000 secs)
[2018.11.15-21.24.35:819][  0]LogUObjectGlobals: Destroyed PersistentFrame Addr=0x000000002bb96098, Size=4
[2018.11.15-21.24.35:819][  0]LogUObjectGlobals: Destroyed PersistentFrame Addr=0x0000000049498400, Size=160
[2018.11.15-21.24.35:819][  0]LogUObjectGlobals: Destroyed PersistentFrame Addr=0x0000000049469c00, Size=384
[2018.11.15-21.24.35:820][  0]Cmd: MAP CHECKDEP NOCLEARLOG
[2018.11.15-21.24.35:868][  0]MapCheck: Map check complete: 0 Error(s), 0 Warning(s), took 48.258ms to complete.
[2018.11.15-21.24.35:868][  0]LogFileHelpers: Loading map 'VehicleExampleMap' took 0.486
[2018.11.15-21.24.35:975][  0]LogCollectionManager: Loaded 0 collections in 0.001941 seconds
[2018.11.15-21.24.36:012][  0]LogFileCache: Scanning file cache for directory 'C:/Users/student.AII/Documents/GitHub/VRTankGame/TankGame/Saved/Collections/' took 0.01s
[2018.11.15-21.24.36:012][  0]LogFileCache: Scanning file cache for directory 'C:/Users/student.AII/Documents/GitHub/VRTankGame/TankGame/Content/Developers/Student/Collections/' took 0.01s
[2018.11.15-21.24.36:012][  0]LogFileCache: Scanning file cache for directory 'C:/Users/student.AII/Documents/GitHub/VRTankGame/TankGame/Content/Collections/' took 0.01s
[2018.11.15-21.24.36:012][  0]LogCollectionManager: Rebuilt the GUID cache for 0 collections in 0.000000 seconds
[2018.11.15-21.24.36:020][  0]LogContentBrowser: Native class hierarchy populated in 0.0082 seconds. Added 2454 classes and 561 folders.
[2018.11.15-21.24.36:027][  0]LogContentBrowser: Native class hierarchy updated for 'WidgetCarousel' in 0.0002 seconds. Added 0 classes and 0 folders.
[2018.11.15-21.24.36:065][  0]LogContentBrowser: Native class hierarchy updated for 'AddContentDialog' in 0.0002 seconds. Added 0 classes and 0 folders.
[2018.11.15-21.24.36:070][  0]LogContentBrowser: Native class hierarchy updated for 'SceneOutliner' in 0.0002 seconds. Added 1 classes and 2 folders.
[2018.11.15-21.24.36:110][  0]LogContentBrowser: Native class hierarchy updated for 'HierarchicalLODOutliner' in 0.0002 seconds. Added 0 classes and 0 folders.
[2018.11.15-21.24.36:110][  0]LogLoad: (Engine Initialization) Total time: 9.49 seconds
[2018.11.15-21.24.36:110][  0]LogLoad: (Engine Initialization) Total Blueprint compile time: 0.00 seconds
[2018.11.15-21.24.36:120][  0]LogRawInputWindows: Warning: Found device 0 devices
[2018.11.15-21.24.36:120][  0]LogRawInputWindows: Warning: Found device 0 devices
[2018.11.15-21.24.36:120][  0]LogRawInputWindows: Warning: Device was registered succesfully but not connected (Usage:4 UsagePage:1)
[2018.11.15-21.24.36:120][  0]LogRawInputWindows: Warning: Found device 1 devices
[2018.11.15-21.24.36:120][  0]LogRawInputWindows: Warning: Device was registered succesfully but not connected (Usage:5 UsagePage:1)
[2018.11.15-21.24.36:139][  0]LogContentStreaming: Texture pool size now 1000 MB
[2018.11.15-21.24.36:140][  0]LogSlate: Took 0.000213 seconds to synchronously load lazily loaded font '../../../Engine/Content/Slate/Fonts/Roboto-Regular.ttf' (155K)
[2018.11.15-21.24.36:141][  0]LogSlate: Took 0.000129 seconds to synchronously load lazily loaded font '../../../Engine/Content/Slate/Fonts/Roboto-Bold.ttf' (160K)
[2018.11.15-21.24.36:146][  0]LogSlate: Took 0.000131 seconds to synchronously load lazily loaded font '../../../Engine/Content/Editor/Slate/Fonts/FontAwesome.ttf' (139K)
[2018.11.15-21.24.36:227][  0]LogSlate: Took 0.000201 seconds to synchronously load lazily loaded font '../../../Engine/Content/Slate/Fonts/Roboto-Light.ttf' (167K)
[2018.11.15-21.24.36:254][  1]LogAssetRegistry: Asset discovery search completed in 5.3674 seconds
[2018.11.15-21.24.36:256][  1]LogCollectionManager: Rebuilt the object cache for 0 collections in 0.000000 seconds (found 0 objects)
[2018.11.15-21.24.36:256][  1]LogCollectionManager: Fixed up redirectors for 0 collections in 0.000035 seconds (updated 0 objects)
[2018.11.15-21.24.36:273][  2]LogRenderer: Reallocating scene render targets to support 804x360 Format 10 NumSamples 1 (Frame:1).
[2018.11.15-21.24.38:858][293]LogSlate: FSceneViewport::OnFocusLost() reason 0
[2018.11.15-21.24.38:999][305]LogRenderer: Reallocating scene render targets to support 1208x652 Format 10 NumSamples 1 (Frame:294).
[2018.11.15-21.25.13:308][ 63]LogSlate: Window 'Save Content' being destroyed
[2018.11.15-21.25.13:315][ 63]LogSlate: Took 0.000218 seconds to synchronously load lazily loaded font '../../../Engine/Content/Slate/Fonts/Roboto-Light.ttf' (167K)
[2018.11.15-21.25.13:393][ 63]LogSavePackage: Save=3.30ms
[2018.11.15-21.25.13:393][ 63]LogSavePackage: Moving '../../../../../../Users/student.AII/Documents/GitHub/VRTankGame/TankGame/Saved/LVL6930E8BE4D80245C688A0C95421A8C4F.tmp' to '../../../../../../Users/student.AII/Documents/GitHub/VRTankGame/TankGame/Content/VRTankGame/LVL/LVL.umap'
[2018.11.15-21.25.13:394][ 63]LogSavePackage: Display: Finished SavePackage ../../../../../../Users/student.AII/Documents/GitHub/VRTankGame/TankGame/Content/VRTankGame/LVL/LVL.umap
[2018.11.15-21.25.13:395][ 63]LogFileHelpers: Saving map 'LVL' took 0.070
[2018.11.15-21.25.14:261][150]Cmd: MAP LOAD FILE="../../../../../../Users/student.AII/Documents/GitHub/VRTankGame/TankGame/Content/VRTankGame/LVL/LVL.umap" TEMPLATE=0 SHOWPROGRESS=1 FEATURELEVEL=3
[2018.11.15-21.25.14:261][150]LightingResults: New page: Lighting Build
[2018.11.15-21.25.14:262][150]LoadErrors: New page: Loading map: LVL.umap
[2018.11.15-21.25.14:263][150]MapCheck: New page: Map Check
[2018.11.15-21.25.14:263][150]LightingResults: New page: Lighting Build
[2018.11.15-21.25.14:274][150]LogEditorServer: Finished looking for orphan Actors (0.000 secs)
[2018.11.15-21.25.14:274][150]LogAIModule: Creating AISystem for world LVL
[2018.11.15-21.25.14:296][150]Cmd: MAP CHECKDEP NOCLEARLOG
[2018.11.15-21.25.14:345][150]MapCheck: Map check complete: 0 Error(s), 0 Warning(s), took 49.341ms to complete.
[2018.11.15-21.25.14:346][150]LogFileHelpers: Loading map 'LVL' took 0.087
[2018.11.15-21.25.15:828][292]LogTexture: Display: Building textures: Texture2D_2 (G8, 128X128)
[2018.11.15-21.25.37:305][362]LogSlate: FSceneViewport::OnFocusLost() reason 0
[2018.11.15-21.25.44:063][138]LogSlate: FSceneViewport::OnFocusLost() reason 2
[2018.11.15-21.25.50:198][742]LogTexture: Display: Building textures: Texture2D_0 (BGRA8, 512X512)
[2018.11.15-21.25.50:216][742]LogTexture: Display: Building textures: Texture2D_1 (BGRA8, 512X512)
[2018.11.15-21.25.50:228][742]LogTexture: Display: Building textures: Texture2D_2 (BGRA8, 512X512)
[2018.11.15-21.25.50:239][742]LogTexture: Display: Building textures: Texture2D_3 (BGRA8, 512X512)
[2018.11.15-21.25.50:249][742]LogTexture: Display: Building textures: Texture2D_4 (BGRA8, 128X512)
[2018.11.15-21.25.50:254][742]LogTexture: Display: Building textures: Texture2D_5 (BGRA8, 512X512)
[2018.11.15-21.25.50:265][742]LogTexture: Display: Building textures: Texture2D_6 (BGRA8, 512X512)
[2018.11.15-21.25.50:275][742]LogTexture: Display: Building textures: Texture2D_7 (BGRA8, 512X512)
[2018.11.15-21.25.50:286][742]LogTexture: Display: Building textures: Texture2D_8 (BGRA8, 512X512)
[2018.11.15-21.25.50:296][742]LogTexture: Display: Building textures: Texture2D_9 (BGRA8, 128X512)
[2018.11.15-21.25.50:301][742]LogTexture: Display: Building textures: Texture2D_10 (BGRA8, 512X512)
[2018.11.15-21.25.50:311][742]LogTexture: Display: Building textures: Texture2D_11 (BGRA8, 512X512)
[2018.11.15-21.25.50:322][742]LogTexture: Display: Building textures: Texture2D_12 (BGRA8, 512X512)
[2018.11.15-21.25.50:332][742]LogTexture: Display: Building textures: Texture2D_13 (BGRA8, 512X512)
[2018.11.15-21.25.50:342][742]LogTexture: Display: Building textures: Texture2D_14 (BGRA8, 128X512)
[2018.11.15-21.25.50:347][742]LogTexture: Display: Building textures: Texture2D_15 (BGRA8, 512X512)
[2018.11.15-21.25.50:357][742]LogTexture: Display: Building textures: Texture2D_16 (BGRA8, 512X512)
[2018.11.15-21.25.50:368][742]LogTexture: Display: Building textures: Texture2D_17 (BGRA8, 512X512)
[2018.11.15-21.25.50:378][742]LogTexture: Display: Building textures: Texture2D_18 (BGRA8, 512X512)
[2018.11.15-21.25.50:389][742]LogTexture: Display: Building textures: Texture2D_19 (BGRA8, 128X512)
[2018.11.15-21.25.50:393][742]LogTexture: Display: Building textures: Texture2D_20 (BGRA8, 512X128)
[2018.11.15-21.25.50:397][742]LogTexture: Display: Building textures: Texture2D_21 (BGRA8, 512X128)
[2018.11.15-21.25.50:401][742]LogTexture: Display: Building textures: Texture2D_22 (BGRA8, 512X128)
[2018.11.15-21.25.50:406][742]LogTexture: Display: Building textures: Texture2D_23 (BGRA8, 512X128)
[2018.11.15-21.25.50:410][742]LogTexture: Display: Building textures: Texture2D_24 (BGRA8, 128X128)
[2018.11.15-21.25.52:583][918]LogSlate: FSceneViewport::OnFocusLost() reason 2
[2018.11.15-21.26.00:230][645]LogSlate: FSceneViewport::OnFocusLost() reason 0
[2018.11.15-21.26.02:690][843]LogActorComponent: UnregisterComponent: (/Engine/Transient.SphereBrushComponent) Not registered. Aborting.
[2018.11.15-21.26.48:880][960]Cmd: TRANSACTION UNDO
[2018.11.15-21.26.48:880][960]LogEditorTransaction: Undo Landscape Editing: Smooth
[2018.11.15-21.28.20:490][424]LogSlate: FSceneViewport::OnFocusLost() reason 0
[2018.11.15-21.29.57:046][548]LogSlate: FSceneViewport::OnFocusLost() reason 2
[2018.11.15-21.30.02:531][143]Cmd: TRANSACTION UNDO
[2018.11.15-21.30.02:531][143]LogEditorTransaction: Undo Landscape Editing: Noise
[2018.11.15-21.30.02:549][143]LogTexture: Display: Building textures: Texture2D_5 (BGRA8, 512X512)
[2018.11.15-21.30.02:581][143]LogTexture: Display: Building textures: Texture2D_6 (BGRA8, 512X512)
[2018.11.15-21.30.03:479][214]LogSlate: FSceneViewport::OnFocusLost() reason 0
[2018.11.15-21.31.22:592][486]LogSlate: FSceneViewport::OnFocusLost() reason 2
[2018.11.15-21.31.29:376][125]LogSlate: FSceneViewport::OnFocusLost() reason 0
[2018.11.15-21.31.54:980][545]LogSlate: FSceneViewport::OnFocusLost() reason 2
[2018.11.15-21.31.59:176][963]LogSlate: FSceneViewport::OnFocusLost() reason 2
[2018.11.15-21.32.10:843][327]LogSlate: FSceneViewport::OnFocusLost() reason 0
[2018.11.15-21.32.10:905][333]LogTemp: Repeating last play command: Selected Viewport
[2018.11.15-21.32.10:920][333]LogPlayLevel: PlayLevel: No blueprints needed recompiling
[2018.11.15-21.32.10:924][333]PIE: New page: PIE session: LVL (Nov 15, 2018, 11:32:10 AM)
[2018.11.15-21.32.10:924][333]LogPlayLevel: Creating play world package: /Game/VRTankGame/LVL/UEDPIE_0_LVL
[2018.11.15-21.32.11:008][333]LogPlayLevel: PIE: StaticDuplicateObject took: (0.083777s)
[2018.11.15-21.32.11:009][333]LogAIModule: Creating AISystem for world LVL
[2018.11.15-21.32.11:009][333]LogPlayLevel: PIE: World Init took: (0.001306s)
[2018.11.15-21.32.11:009][333]LogPlayLevel: PIE: Created PIE world by copying editor world from /Game/VRTankGame/LVL/LVL.LVL to /Game/VRTankGame/LVL/UEDPIE_0_LVL.LVL (0.085278s)
[2018.11.15-21.32.11:034][333]LogInit: XAudio2 using 'HP Z24n (NVIDIA High Definition Audio)' : 2 channels at 48 kHz using 16 bits per sample (channel mask 0x3)
[2018.11.15-21.32.11:039][333]LogInit: FAudioDevice initialized.
[2018.11.15-21.32.11:080][333]LogLoad: Game class is 'VehicleGameMode_C'
[2018.11.15-21.32.11:098][333]LogWorld: Bringing World /Game/VRTankGame/LVL/UEDPIE_0_LVL.LVL up for play (max tick rate 0) at 2018.11.15-16.32.11
[2018.11.15-21.32.11:099][333]LogWorld: Bringing up level for play took: 0.008524
[2018.11.15-21.32.11:117][333]LogContentBrowser: Native class hierarchy updated for 'MovieSceneCapture' in 0.0005 seconds. Added 11 classes and 0 folders.
[2018.11.15-21.32.11:129][333]PIE: Play in editor start time for /Game/VRTankGame/LVL/UEDPIE_0_LVL 0.139
[2018.11.15-21.33.37:389][648]LogSlate: FSceneViewport::OnFocusLost() reason 2
